{
  "Cucumber Features": {
    "coverage": {
      "/home/jeremy/NPComplete-606-project/petQuest/config/environment.rb": [
        null,
        1,
        null,
        null,
        1
      ],
      "/home/jeremy/NPComplete-606-project/petQuest/config/application.rb": [
        1,
        null,
        1,
        null,
        null,
        null,
        1,
        null,
        1,
        1,
        null,
        null,
        null,
        null,
        null,
        null,
        null,
        null,
        null,
        null,
        null,
        null,
        null,
        1,
        null,
        null
      ],
      "/home/jeremy/NPComplete-606-project/petQuest/config/boot.rb": [
        1,
        null,
        1
      ],
      "/home/jeremy/NPComplete-606-project/petQuest/config/environments/test.rb": [
        1,
        null,
        null,
        null,
        null,
        null,
        null,
        1,
        null,
        null,
        null,
        null,
        1,
        null,
        null,
        1,
        1,
        null,
        null,
        1,
        1,
        null,
        null,
        1,
        null,
        null,
        1,
        null,
        null,
        null,
        null,
        1,
        null,
        null,
        1,
        null,
        null,
        1,
        null,
        null,
        null,
        null
      ],
      "/home/jeremy/NPComplete-606-project/petQuest/config/initializers/assets.rb": [
        null,
        null,
        null,
        1,
        null,
        null,
        null,
        null,
        null,
        null,
        null
      ],
      "/home/jeremy/NPComplete-606-project/petQuest/config/initializers/backtrace_silencers.rb": [
        null,
        null,
        null,
        null,
        null,
        null,
        null
      ],
      "/home/jeremy/NPComplete-606-project/petQuest/config/initializers/cookies_serializer.rb": [
        null,
        null,
        1
      ],
      "/home/jeremy/NPComplete-606-project/petQuest/config/initializers/filter_parameter_logging.rb": [
        null,
        null,
        null,
        1
      ],
      "/home/jeremy/NPComplete-606-project/petQuest/config/initializers/inflections.rb": [
        null,
        null,
        null,
        null,
        null,
        null,
        null,
        null,
        null,
        null,
        null,
        null,
        null,
        null,
        null,
        null
      ],
      "/home/jeremy/NPComplete-606-project/petQuest/config/initializers/mime_types.rb": [
        null,
        null,
        null,
        null
      ],
      "/home/jeremy/NPComplete-606-project/petQuest/config/initializers/session_store.rb": [
        null,
        null,
        1
      ],
      "/home/jeremy/NPComplete-606-project/petQuest/config/initializers/wrap_parameters.rb": [
        null,
        null,
        null,
        null,
        null,
        null,
        1,
        1,
        null,
        null,
        null,
        null,
        null,
        null
      ],
      "/home/jeremy/NPComplete-606-project/petQuest/config/routes.rb": [
        1,
        1,
        null,
        null,
        null,
        1,
        null,
        1,
        1,
        1,
        null,
        1,
        null,
        null,
        null,
        null,
        null,
        null,
        null,
        null,
        null,
        null,
        null,
        null,
        null,
        null,
        null,
        null,
        null,
        null,
        null,
        null,
        null,
        null,
        null,
        null,
        null,
        null,
        null,
        null,
        null,
        null,
        null,
        null,
        null,
        null,
        null,
        null,
        null,
        null,
        null,
        null,
        null,
        null,
        null,
        null,
        null,
        null,
        null,
        null,
        null,
        null,
        null
      ],
      "/home/jeremy/NPComplete-606-project/petQuest/features/support/paths.rb": [
        1,
        1,
        0,
        null,
        null,
        0,
        null,
        0,
        0,
        0,
        0,
        0,
        0,
        null,
        null,
        null,
        null,
        null,
        null,
        1
      ],
      "/home/jeremy/NPComplete-606-project/petQuest/features/step_definitions/navigation_steps.rb": [
        1,
        0,
        null,
        null,
        1,
        0,
        null,
        null,
        1,
        0,
        null,
        null,
        1,
        0,
        null,
        null,
        1,
        0,
        0,
        null,
        null,
        1,
        1,
        null,
        null,
        1,
        1,
        null,
        null,
        1,
        1,
        null,
        null,
        null,
        null,
        null,
        null,
        null
      ]
    },
    "timestamp": 1429246421
  },
  "RSpec": {
    "coverage": {
      "/home/westwoodpu/ruby/NPComplete-606-project/petQuest/spec/controllers/foods_controller_spec.rb": [
        1,
        null,
        null,
        null,
        null,
        null,
        null,
        null,
        null,
        null,
        null,
        null,
        null,
        null,
        null,
        null,
        null,
        null,
        null,
        null,
        1,
        null,
        null,
        null,
        null,
        1,
        13,
        null,
        null,
        1,
        4,
        null,
        null,
        null,
        null,
        null,
        16,
        null,
        1,
        1,
        1,
        1,
        1,
        null,
        null,
        null,
        1,
        1,
        1,
        1,
        1,
        null,
        null,
        null,
        1,
        1,
        1,
        1,
        null,
        null,
        null,
        1,
        1,
        1,
        1,
        1,
        null,
        null,
        null,
        1,
        1,
        1,
        1,
        1,
        null,
        null,
        null,
        1,
        1,
        1,
        1,
        null,
        null,
        1,
        1,
        1,
        null,
        null,
        null,
        1,
        1,
        1,
        1,
        null,
        null,
        1,
        1,
        1,
        null,
        null,
        null,
        null,
        1,
        1,
        1,
        1,
        null,
        null,
        1,
        1,
        1,
        0,
        0,
        null,
        null,
        1,
        1,
        1,
        1,
        null,
        null,
        1,
        1,
        1,
        1,
        null,
        null,
        null,
        1,
        1,
        1,
        1,
        1,
        null,
        null,
        1,
        1,
        1,
        1,
        null,
        null,
        null,
        null,
        1,
        1,
        1,
        1,
        1,
        null,
        null,
        null,
        1,
        1,
        1,
        1,
        null,
        null,
        null,
        null
      ],
      "/home/westwoodpu/ruby/NPComplete-606-project/petQuest/spec/rails_helper.rb": [
        null,
        1,
        1,
        1,
        1,
        null,
        null,
        1,
        1,
        1,
        1,
        1,
        null,
        null,
        1,
        32,
        null,
        null,
        1,
        0,
        null,
        null,
        1,
        32,
        null,
        null,
        1,
        32,
        null,
        null,
        null,
        null,
        null,
        null,
        null,
        null,
        null,
        null,
        null,
        1,
        null,
        null,
        null,
        1,
        null,
        1,
        null,
        1,
        null,
        null,
        null,
        null,
        1,
        null,
        null,
        null,
        null,
        null,
        null,
        null,
        null,
        null,
        null,
        null,
        null,
        null,
        null,
        1,
        null
      ],
      "/home/westwoodpu/ruby/NPComplete-606-project/petQuest/config/environment.rb": [
        null,
        1,
        null,
        null,
        1,
        null,
        null
      ],
      "/home/westwoodpu/ruby/NPComplete-606-project/petQuest/config/application.rb": [
        1,
        null,
        1,
        1,
        null,
        null,
        1,
        null,
        1,
        1,
        null,
        null,
        null,
        null,
        null,
        null,
        null,
        null,
        null,
        null,
        null,
        null,
        null,
        1,
        null,
        null,
        null,
        null,
        null,
        null
      ],
      "/home/westwoodpu/ruby/NPComplete-606-project/petQuest/config/boot.rb": [
        1,
        null,
        1
      ],
      "/home/westwoodpu/ruby/NPComplete-606-project/petQuest/config/environments/test.rb": [
        1,
        null,
        null,
        null,
        null,
        null,
        null,
        1,
        null,
        null,
        null,
        null,
        1,
        null,
        null,
        1,
        1,
        null,
        null,
        1,
        1,
        null,
        null,
        1,
        null,
        null,
        1,
        null,
        null,
        null,
        null,
        1,
        null,
        null,
        1,
        null,
        null,
        1,
        null,
        null,
        null,
        null
      ],
      "/home/westwoodpu/ruby/NPComplete-606-project/petQuest/config/initializers/assets.rb": [
        null,
        null,
        null,
        1,
        null,
        null,
        null,
        null,
        null,
        null,
        null
      ],
      "/home/westwoodpu/ruby/NPComplete-606-project/petQuest/config/initializers/backtrace_silencers.rb": [
        null,
        null,
        null,
        null,
        null,
        null,
        null
      ],
      "/home/westwoodpu/ruby/NPComplete-606-project/petQuest/config/initializers/cookies_serializer.rb": [
        null,
        null,
        1
      ],
      "/home/westwoodpu/ruby/NPComplete-606-project/petQuest/config/initializers/filter_parameter_logging.rb": [
        null,
        null,
        null,
        1
      ],
      "/home/westwoodpu/ruby/NPComplete-606-project/petQuest/config/initializers/inflections.rb": [
        null,
        null,
        null,
        null,
        null,
        null,
        null,
        null,
        null,
        null,
        null,
        null,
        null,
        null,
        null,
        null
      ],
      "/home/westwoodpu/ruby/NPComplete-606-project/petQuest/config/initializers/mime_types.rb": [
        null,
        null,
        null,
        null
      ],
      "/home/westwoodpu/ruby/NPComplete-606-project/petQuest/config/initializers/session_store.rb": [
        null,
        null,
        1
      ],
      "/home/westwoodpu/ruby/NPComplete-606-project/petQuest/config/initializers/wrap_parameters.rb": [
        null,
        null,
        null,
        null,
        null,
        null,
        1,
        1,
        null,
        null,
        null,
        null,
        null,
        null
      ],
      "/home/westwoodpu/ruby/NPComplete-606-project/petQuest/spec/factories/foods.rb": [
        1,
        1,
        1,
        1,
        1,
        1,
        1,
        1,
        1,
        null,
        null,
        null
      ],
      "/home/westwoodpu/ruby/NPComplete-606-project/petQuest/spec/factories/idealcatweights.rb": [
        1,
        1,
        1,
        1,
        1,
        null,
        null,
        null
      ],
      "/home/westwoodpu/ruby/NPComplete-606-project/petQuest/spec/factories/idealdogweights.rb": [
        1,
        1,
        1,
        1,
        1,
        null,
        null,
        null
      ],
      "/home/westwoodpu/ruby/NPComplete-606-project/petQuest/spec/factories/pets.rb": [
        1,
        1,
        1,
        1,
        1,
        1,
        1,
        1,
        1,
        1,
        null,
        null,
        null,
        null
      ],
      "/home/westwoodpu/ruby/NPComplete-606-project/petQuest/spec/factories/posts.rb": [
        1,
        1,
        1,
        1,
        1,
        null,
        null,
        null
      ],
      "/home/westwoodpu/ruby/NPComplete-606-project/petQuest/spec/factories/recipes.rb": [
        1,
        1,
        1,
        1,
        1,
        1,
        null,
        null,
        null
      ],
      "/home/westwoodpu/ruby/NPComplete-606-project/petQuest/config/routes.rb": [
        1,
        null,
        1,
        1,
        1,
        1,
        2,
        null,
        null,
        1,
        2,
        null,
        null,
        1,
        null,
        null,
        1,
        null,
        1,
        null,
        1,
        1,
        1,
        1,
        1,
        1,
        1,
        null,
        null,
        null,
        1,
        1,
        null,
        1,
        1,
        null,
        1,
        null,
        null,
        null,
        null,
        null,
        null,
        null,
        null,
        null,
        null,
        null,
        null,
        null,
        null,
        null,
        null,
        null,
        null,
        null,
        null,
        null,
        null,
        null,
        null,
        null,
        null,
        null,
        null,
        null,
        null,
        null,
        null,
        null,
        null,
        null,
        null,
        null,
        null,
        null,
        null,
        null,
        null,
        null,
        null,
        null,
        null,
        null,
        null,
        null,
        null,
        null
      ],
      "/home/westwoodpu/ruby/NPComplete-606-project/petQuest/app/helpers/application_helper.rb": [
        1,
        null
      ],
      "/home/westwoodpu/ruby/NPComplete-606-project/petQuest/app/helpers/foods_helper.rb": [
        1,
        null
      ],
      "/home/westwoodpu/ruby/NPComplete-606-project/petQuest/app/helpers/idealcatweights_helper.rb": [
        1,
        null
      ],
      "/home/westwoodpu/ruby/NPComplete-606-project/petQuest/app/helpers/idealdogweights_helper.rb": [
        1,
        null
      ],
      "/home/westwoodpu/ruby/NPComplete-606-project/petQuest/app/helpers/nutritionfacts_helper.rb": [
        1,
        null
      ],
      "/home/westwoodpu/ruby/NPComplete-606-project/petQuest/app/helpers/nutritions_helper.rb": [
        1,
        null
      ],
      "/home/westwoodpu/ruby/NPComplete-606-project/petQuest/app/helpers/pets_helper.rb": [
        1,
        null
      ],
      "/home/westwoodpu/ruby/NPComplete-606-project/petQuest/app/helpers/posts_helper.rb": [
        1,
        null
      ],
      "/home/westwoodpu/ruby/NPComplete-606-project/petQuest/app/helpers/recipes_helper.rb": [
        1,
        null
      ],
      "/home/westwoodpu/ruby/NPComplete-606-project/petQuest/app/helpers/welcome_helper.rb": [
        1,
        null
      ],
      "/home/westwoodpu/ruby/NPComplete-606-project/petQuest/app/controllers/foods_controller.rb": [
        1,
        1,
        null,
        null,
        null,
        1,
        1,
        1,
        null,
        null,
        null,
        null,
        1,
        1,
        null,
        null,
        null,
        1,
        1,
        null,
        null,
        null,
        1,
        null,
        null,
        null,
        null,
        1,
        5,
        null,
        5,
        5,
        10,
        5,
        null,
        0,
        0,
        null,
        null,
        null,
        null,
        null,
        null,
        1,
        4,
        4,
        8,
        4,
        null,
        0,
        0,
        null,
        null,
        null,
        null,
        null,
        null,
        1,
        2,
        2,
        4,
        2,
        null,
        null,
        null,
        1,
        0,
        0,
        null,
        null,
        1,
        0,
        0,
        0,
        null,
        null,
        null,
        null,
        1,
        null,
        1,
        8,
        null,
        null,
        null,
        1,
        9,
        null,
        null
      ],
      "/home/westwoodpu/ruby/NPComplete-606-project/petQuest/app/controllers/application_controller.rb": [
        1,
        null,
        null,
        1,
        null
      ],
      "/home/westwoodpu/ruby/NPComplete-606-project/petQuest/spec/controllers/idealcatweights_controller_spec.rb": [
        1,
        null,
        1,
        null,
        null
      ],
      "/home/westwoodpu/ruby/NPComplete-606-project/petQuest/app/controllers/idealcatweights_controller.rb": [
        1,
        null
      ],
      "/home/westwoodpu/ruby/NPComplete-606-project/petQuest/spec/controllers/idealdogweights_controller_spec.rb": [
        1,
        null,
        1,
        null,
        null
      ],
      "/home/westwoodpu/ruby/NPComplete-606-project/petQuest/app/controllers/idealdogweights_controller.rb": [
        1,
        null
      ],
      "/home/westwoodpu/ruby/NPComplete-606-project/petQuest/spec/controllers/posts_controller_spec.rb": [
        1,
        null,
        1,
        null,
        null
      ],
      "/home/westwoodpu/ruby/NPComplete-606-project/petQuest/app/controllers/posts_controller.rb": [
        1,
        null
      ],
      "/home/westwoodpu/ruby/NPComplete-606-project/petQuest/spec/controllers/recipes_controller_spec.rb": [
        1,
        null,
        null,
        null,
        null,
        null,
        null,
        null,
        null,
        null,
        null,
        null,
        null,
        null,
        null,
        null,
        null,
        null,
        null,
        null,
        1,
        null,
        null,
        null,
        null,
        1,
        13,
        null,
        null,
        1,
        4,
        null,
        null,
        null,
        null,
        null,
        16,
        null,
        1,
        1,
        1,
        1,
        1,
        null,
        null,
        null,
        1,
        1,
        1,
        1,
        1,
        null,
        null,
        null,
        1,
        1,
        1,
        1,
        null,
        null,
        null,
        1,
        1,
        1,
        1,
        1,
        null,
        null,
        null,
        1,
        1,
        1,
        1,
        1,
        null,
        null,
        null,
        1,
        1,
        1,
        1,
        null,
        null,
        1,
        1,
        1,
        null,
        null,
        null,
        1,
        1,
        1,
        1,
        null,
        null,
        1,
        1,
        1,
        null,
        null,
        null,
        null,
        1,
        1,
        1,
        1,
        null,
        null,
        1,
        1,
        1,
        0,
        0,
        null,
        null,
        1,
        1,
        1,
        1,
        null,
        null,
        1,
        1,
        1,
        1,
        null,
        null,
        null,
        1,
        1,
        1,
        1,
        1,
        null,
        null,
        1,
        1,
        1,
        1,
        null,
        null,
        null,
        null,
        1,
        1,
        1,
        1,
        1,
        null,
        null,
        null,
        1,
        1,
        1,
        1,
        null,
        null,
        null,
        null
      ],
      "/home/westwoodpu/ruby/NPComplete-606-project/petQuest/app/controllers/recipes_controller.rb": [
        1,
        1,
        null,
        null,
        null,
        1,
        1,
        null,
        null,
        null,
        null,
        1,
        null,
        null,
        null,
        1,
        1,
        null,
        null,
        null,
        1,
        null,
        null,
        1,
        null,
        null,
        null,
        null,
        null,
        1,
        5,
        null,
        5,
        5,
        10,
        5,
        null,
        0,
        0,
        null,
        null,
        null,
        null,
        null,
        null,
        1,
        4,
        4,
        8,
        4,
        null,
        0,
        0,
        null,
        null,
        null,
        null,
        null,
        null,
        1,
        2,
        2,
        4,
        2,
        null,
        null,
        null,
        1,
        null,
        1,
        8,
        null,
        null,
        null,
        1,
        9,
        null,
        null
      ],
      "/home/westwoodpu/ruby/NPComplete-606-project/petQuest/app/models/food.rb": [
        1,
        1,
        1,
        0,
        0,
        null,
        null,
        null,
        null,
        null,
        null,
        null
      ],
      "/home/westwoodpu/ruby/NPComplete-606-project/petQuest/app/models/recipe.rb": [
        1,
        null
      ],
      "/home/westwoodpu/ruby/NPComplete-606-project/petQuest/app/models/nutrition.rb": [
        1,
        1,
        1,
        0,
        0,
        null,
        null,
        null
      ]
    },
    "timestamp": 1430106968
  }
}
